<?xml version="1.0" encoding="UTF-8"?>
<!-- Generated by org.testng.reporters.JUnitXMLReporter -->
<testsuite ignored="0" hostname="Priyanka" failures="0" tests="3" name="Default test" time="0.052" errors="0" timestamp="2025-11-16T09:34:08 IST">
  <testcase classname="com.WebTesting.TestNG.T75_AnnotationBasics" name="registerTest" time="0.006"/>
  <testcase classname="com.WebTesting.TestNG.T75_AnnotationBasics" name="loginTest" time="0.001"/>
  <testcase classname="com.WebTesting.TestNG.T75_AnnotationBasics" name="logoutTest" time="0.001"/>
</testsuite> <!-- Default test -->
