<?xml version="1.0" encoding="UTF-8"?>
<!-- Generated by org.testng.reporters.JUnitXMLReporter -->
<testsuite ignored="0" hostname="Priyanka" failures="0" tests="4" name="Default test" time="2.778" errors="0" timestamp="2025-12-06T09:22:57 IST">
  <testcase classname="com.SwagLabs.UITest.TestCases.Tc2_InventoryTest" name="validateProductCount" time="0.034"/>
  <testcase classname="com.SwagLabs.UITest.TestCases.Tc2_InventoryTest" name="validateProductDetails" time="0.099"/>
  <testcase classname="com.SwagLabs.UITest.TestCases.Tc2_InventoryTest" name="validateAddToCartFeature" time="0.252"/>
  <testcase classname="com.SwagLabs.UITest.TestCases.Tc2_InventoryTest" name="validateCartPageLaunch" time="0.087"/>
</testsuite> <!-- Default test -->
