<?xml version="1.0" encoding="UTF-8"?>
<!-- Generated by org.testng.reporters.JUnitXMLReporter -->
<testsuite ignored="0" hostname="Priyanka" failures="0" tests="4" name="InventoryTest" time="2.177" errors="0" timestamp="2025-12-06T09:30:29 IST">
  <testcase classname="com.SwagLabs.UITest.TestCases.Tc2_InventoryTest" name="validateProductCount" time="0.025"/>
  <testcase classname="com.SwagLabs.UITest.TestCases.Tc2_InventoryTest" name="validateProductDetails" time="0.106"/>
  <testcase classname="com.SwagLabs.UITest.TestCases.Tc2_InventoryTest" name="validateAddToCartFeature" time="0.301"/>
  <testcase classname="com.SwagLabs.UITest.TestCases.Tc2_InventoryTest" name="validateCartPageLaunch" time="0.099"/>
</testsuite> <!-- InventoryTest -->
