<?xml version="1.0" encoding="UTF-8"?>
<!-- Generated by org.testng.reporters.JUnitXMLReporter -->
<testsuite ignored="7" hostname="Priyanka" failures="0" tests="4" name="Test" time="0.067" errors="0" timestamp="2025-11-16T09:18:49 IST">
  <testcase classname="com.WebTesting.TestNG.T73_GroupsInTestNG" name="testCase1" time="0.008"/>
  <testcase classname="com.WebTesting.TestNG.T73_GroupsInTestNG" name="testCase2" time="0.002"/>
  <testcase classname="com.WebTesting.TestNG.T74_Grouping" name="testCase11" time="0.003"/>
  <testcase classname="com.WebTesting.TestNG.T74_Grouping" name="testCase22" time="0.002"/>
  <testcase classname="com.WebTesting.TestNG.T73_GroupsInTestNG" name="testCase3" time="0.0">
    <ignored/>
  </testcase> <!-- testCase3 -->
  <testcase classname="com.WebTesting.TestNG.T73_GroupsInTestNG" name="testCase7" time="0.0">
    <ignored/>
  </testcase> <!-- testCase7 -->
  <testcase classname="com.WebTesting.TestNG.T73_GroupsInTestNG" name="testCase4" time="0.0">
    <ignored/>
  </testcase> <!-- testCase4 -->
  <testcase classname="com.WebTesting.TestNG.T73_GroupsInTestNG" name="testCase5" time="0.0">
    <ignored/>
  </testcase> <!-- testCase5 -->
  <testcase classname="com.WebTesting.TestNG.T73_GroupsInTestNG" name="testCase8" time="0.0">
    <ignored/>
  </testcase> <!-- testCase8 -->
  <testcase classname="com.WebTesting.TestNG.T73_GroupsInTestNG" name="testCase9" time="0.0">
    <ignored/>
  </testcase> <!-- testCase9 -->
  <testcase classname="com.WebTesting.TestNG.T73_GroupsInTestNG" name="testCase6" time="0.0">
    <ignored/>
  </testcase> <!-- testCase6 -->
</testsuite> <!-- Test -->
