<?xml version="1.0" encoding="UTF-8"?>
<!-- Generated by org.testng.reporters.JUnitXMLReporter -->
<testsuite ignored="0" hostname="Priyanka" failures="0" tests="7" name="Test2" time="8.994" errors="0" timestamp="2025-12-07T07:56:16 IST">
  <testcase classname="com.SwagLabs.UITest.TestCases.Tc2_InventoryTest" name="validateProductCount" time="0.033"/>
  <testcase classname="com.SwagLabs.UITest.TestCases.Tc1_LoginTest" name="verifyUrl" time="0.033"/>
  <testcase classname="com.SwagLabs.UITest.TestCases.Tc2_InventoryTest" name="validateProductDetails" time="0.259"/>
  <testcase classname="com.SwagLabs.UITest.TestCases.Tc1_LoginTest" name="verifyTitle" time="0.015"/>
  <testcase classname="com.SwagLabs.UITest.TestCases.Tc2_InventoryTest" name="validateAddToCartFeature" time="0.503"/>
  <testcase classname="com.SwagLabs.UITest.TestCases.Tc1_LoginTest" name="validateLogin" time="0.491"/>
  <testcase classname="com.SwagLabs.UITest.TestCases.Tc2_InventoryTest" name="validateCartPageLaunch" time="0.138"/>
</testsuite> <!-- Test2 -->
