<?xml version="1.0" encoding="UTF-8"?>
<!-- Generated by org.testng.reporters.JUnitXMLReporter -->
<testsuite ignored="0" hostname="Priyanka" failures="0" tests="3" name="Test" time="7.623" errors="0" timestamp="2025-11-29T08:35:09 IST">
  <testcase classname="com.WebTesting.TestNG.TestDataReading.Tc82_ParallelTestClassLevel_Class2" name="testChrome" time="2.797"/>
  <testcase classname="com.WebTesting.TestNG.TestDataReading.Tc82_ParallelTestClassLevel_Class2" name="testEdge" time="3.636"/>
  <testcase classname="com.WebTesting.TestNG.TestDataReading.Tc81_ParallelTestClassLevel_Class1" name="testFirefox" time="7.577"/>
</testsuite> <!-- Test -->
