<?xml version="1.0" encoding="UTF-8"?>
<!-- Generated by org.testng.reporters.JUnitXMLReporter -->
<testsuite ignored="4" hostname="Priyanka" failures="0" tests="5" name="Test1" time="0.063" errors="0" timestamp="2025-11-23T08:29:09 IST">
  <testcase classname="com.WebTesting.TestNG.Annotations.A" name="testCase1" time="0.007"/>
  <testcase classname="com.WebTesting.TestNG.Annotations.A" name="testCase2" time="0.002"/>
  <testcase classname="com.WebTesting.TestNG.Annotations.A" name="testCase3" time="0.0"/>
  <testcase classname="com.WebTesting.TestNG.Annotations.B" name="testCase11" time="0.001"/>
  <testcase classname="com.WebTesting.TestNG.Annotations.B" name="testCase12" time="0.001"/>
  <testcase classname="com.WebTesting.TestNG.Annotations.BaseTest" name="@AfterSuite asuite" time="0.0">
    <ignored/>
  </testcase> <!-- @AfterSuite asuite -->
  <testcase classname="com.WebTesting.TestNG.Annotations.BaseTest" name="@BeforeSuite bsuite" time="0.0">
    <ignored/>
  </testcase> <!-- @BeforeSuite bsuite -->
  <testcase classname="com.WebTesting.TestNG.Annotations.BaseTest" name="@AfterTest atest" time="0.0">
    <ignored/>
  </testcase> <!-- @AfterTest atest -->
  <testcase classname="com.WebTesting.TestNG.Annotations.BaseTest" name="@BeforeTest btest" time="0.0">
    <ignored/>
  </testcase> <!-- @BeforeTest btest -->
</testsuite> <!-- Test1 -->
