<?xml version="1.0" encoding="UTF-8"?>
<!-- Generated by org.testng.reporters.JUnitXMLReporter -->
<testsuite ignored="0" hostname="Priyanka" failures="0" tests="7" name="Test3" time="22.32" errors="0" timestamp="2025-12-06T09:44:50 IST">
  <testcase classname="com.SwagLabs.UITest.TestCases.Tc2_InventoryTest" name="validateProductCount" time="0.05"/>
  <testcase classname="com.SwagLabs.UITest.TestCases.Tc1_LoginTest" name="verifyUrl" time="0.033"/>
  <testcase classname="com.SwagLabs.UITest.TestCases.Tc2_InventoryTest" name="validateProductDetails" time="0.318"/>
  <testcase classname="com.SwagLabs.UITest.TestCases.Tc1_LoginTest" name="verifyTitle" time="0.015"/>
  <testcase classname="com.SwagLabs.UITest.TestCases.Tc2_InventoryTest" name="validateAddToCartFeature" time="0.479"/>
  <testcase classname="com.SwagLabs.UITest.TestCases.Tc1_LoginTest" name="validateLogin" time="0.862"/>
  <testcase classname="com.SwagLabs.UITest.TestCases.Tc2_InventoryTest" name="validateCartPageLaunch" time="0.133"/>
</testsuite> <!-- Test3 -->
