<?xml version="1.0" encoding="UTF-8"?>
<!-- Generated by org.testng.reporters.JUnitXMLReporter -->
<testsuite ignored="0" hostname="Priyanka" failures="0" tests="7" name="Test2" time="8.602" errors="0" timestamp="2025-12-06T09:44:36 IST">
  <testcase classname="com.SwagLabs.UITest.TestCases.Tc2_InventoryTest" name="validateProductCount" time="0.05"/>
  <testcase classname="com.SwagLabs.UITest.TestCases.Tc1_LoginTest" name="verifyUrl" time="0.422"/>
  <testcase classname="com.SwagLabs.UITest.TestCases.Tc2_InventoryTest" name="validateProductDetails" time="0.26"/>
  <testcase classname="com.SwagLabs.UITest.TestCases.Tc1_LoginTest" name="verifyTitle" time="0.023"/>
  <testcase classname="com.SwagLabs.UITest.TestCases.Tc2_InventoryTest" name="validateAddToCartFeature" time="0.453"/>
  <testcase classname="com.SwagLabs.UITest.TestCases.Tc1_LoginTest" name="validateLogin" time="0.582"/>
  <testcase classname="com.SwagLabs.UITest.TestCases.Tc2_InventoryTest" name="validateCartPageLaunch" time="0.276"/>
</testsuite> <!-- Test2 -->
