<?xml version="1.0" encoding="UTF-8"?>
<testng-results ignored="0" total="2" passed="2" failed="0" skipped="0">
  <reporter-output>
  </reporter-output>
  <suite started-at="2025-12-21T09:36:08 IST" name="Suite" finished-at="2025-12-21T09:36:26 IST" duration-ms="17633">
    <groups>
    </groups>
    <test started-at="2025-12-21T09:36:08 IST" name="Test" finished-at="2025-12-21T09:36:26 IST" duration-ms="17633">
      <class name="com.SwagLabs.UITest.TestCases.Tc5_OverviewTest">
        <test-method is-config="true" signature="setUp(java.lang.String)[pri:0, instance:com.SwagLabs.UITest.TestCases.Tc5_OverviewTest@6aeb35e6]" started-at="2025-12-21T09:36:08 IST" name="setUp" finished-at="2025-12-21T09:36:12 IST" duration-ms="3582" status="PASS">
          <params>
            <param index="0">
              <value>
                <![CDATA[edge]]>
              </value>
            </param>
          </params>
          <reporter-output>
          </reporter-output>
        </test-method> <!-- setUp -->
        <test-method is-config="true" signature="pageSetUp()[pri:0, instance:com.SwagLabs.UITest.TestCases.Tc5_OverviewTest@6aeb35e6]" started-at="2025-12-21T09:36:12 IST" name="pageSetUp" finished-at="2025-12-21T09:36:21 IST" duration-ms="9276" status="PASS">
          <reporter-output>
          </reporter-output>
        </test-method> <!-- pageSetUp -->
        <test-method signature="verifyPayment()[pri:1, instance:com.SwagLabs.UITest.TestCases.Tc5_OverviewTest@6aeb35e6]" started-at="2025-12-21T09:36:21 IST" name="verifyPayment" finished-at="2025-12-21T09:36:21 IST" duration-ms="173" status="PASS">
          <reporter-output>
          </reporter-output>
        </test-method> <!-- verifyPayment -->
        <test-method is-config="true" signature="testWait()[pri:0, instance:com.SwagLabs.UITest.TestCases.Tc5_OverviewTest@6aeb35e6]" started-at="2025-12-21T09:36:21 IST" name="testWait" finished-at="2025-12-21T09:36:23 IST" duration-ms="2015" status="PASS">
          <reporter-output>
          </reporter-output>
        </test-method> <!-- testWait -->
        <test-method signature="validateCheckout()[pri:2, instance:com.SwagLabs.UITest.TestCases.Tc5_OverviewTest@6aeb35e6]" started-at="2025-12-21T09:36:23 IST" name="validateCheckout" finished-at="2025-12-21T09:36:23 IST" duration-ms="138" status="PASS">
          <reporter-output>
          </reporter-output>
        </test-method> <!-- validateCheckout -->
        <test-method is-config="true" signature="testWait()[pri:0, instance:com.SwagLabs.UITest.TestCases.Tc5_OverviewTest@6aeb35e6]" started-at="2025-12-21T09:36:23 IST" name="testWait" finished-at="2025-12-21T09:36:25 IST" duration-ms="2014" status="PASS">
          <reporter-output>
          </reporter-output>
        </test-method> <!-- testWait -->
        <test-method is-config="true" signature="tearDown()[pri:0, instance:com.SwagLabs.UITest.TestCases.Tc5_OverviewTest@6aeb35e6]" started-at="2025-12-21T09:36:25 IST" name="tearDown" finished-at="2025-12-21T09:36:26 IST" duration-ms="324" status="PASS">
          <reporter-output>
          </reporter-output>
        </test-method> <!-- tearDown -->
      </class> <!-- com.SwagLabs.UITest.TestCases.Tc5_OverviewTest -->
    </test> <!-- Test -->
  </suite> <!-- Suite -->
</testng-results>
