<?xml version="1.0" encoding="UTF-8"?>
<testng-results ignored="0" total="2" passed="2" failed="0" skipped="0">
  <reporter-output>
  </reporter-output>
  <suite started-at="2025-12-27T08:45:28 IST" name="Suite" finished-at="2025-12-27T08:45:45 IST" duration-ms="17067">
    <groups>
    </groups>
    <test started-at="2025-12-27T08:45:28 IST" name="Test" finished-at="2025-12-27T08:45:45 IST" duration-ms="17067">
      <class name="com.SwagLabs.UITest.TestCases.Tc5_OverviewTest">
        <test-method is-config="true" signature="setUp(java.lang.String)[pri:0, instance:com.SwagLabs.UITest.TestCases.Tc5_OverviewTest@6aeb35e6]" started-at="2025-12-27T08:45:28 IST" name="setUp" finished-at="2025-12-27T08:45:31 IST" duration-ms="3189" status="PASS">
          <params>
            <param index="0">
              <value>
                <![CDATA[edge]]>
              </value>
            </param>
          </params>
          <reporter-output>
          </reporter-output>
        </test-method> <!-- setUp -->
        <test-method is-config="true" signature="pageSetUp()[pri:0, instance:com.SwagLabs.UITest.TestCases.Tc5_OverviewTest@6aeb35e6]" started-at="2025-12-27T08:45:31 IST" name="pageSetUp" finished-at="2025-12-27T08:45:40 IST" duration-ms="9191" status="PASS">
          <reporter-output>
          </reporter-output>
        </test-method> <!-- pageSetUp -->
        <test-method signature="verifyPayment()[pri:1, instance:com.SwagLabs.UITest.TestCases.Tc5_OverviewTest@6aeb35e6]" started-at="2025-12-27T08:45:40 IST" name="verifyPayment" finished-at="2025-12-27T08:45:40 IST" duration-ms="129" status="PASS">
          <reporter-output>
          </reporter-output>
        </test-method> <!-- verifyPayment -->
        <test-method is-config="true" signature="testWait()[pri:0, instance:com.SwagLabs.UITest.TestCases.Tc5_OverviewTest@6aeb35e6]" started-at="2025-12-27T08:45:40 IST" name="testWait" finished-at="2025-12-27T08:45:42 IST" duration-ms="2012" status="PASS">
          <reporter-output>
          </reporter-output>
        </test-method> <!-- testWait -->
        <test-method signature="validateCheckout()[pri:2, instance:com.SwagLabs.UITest.TestCases.Tc5_OverviewTest@6aeb35e6]" started-at="2025-12-27T08:45:42 IST" name="validateCheckout" finished-at="2025-12-27T08:45:42 IST" duration-ms="175" status="PASS">
          <reporter-output>
          </reporter-output>
        </test-method> <!-- validateCheckout -->
        <test-method is-config="true" signature="testWait()[pri:0, instance:com.SwagLabs.UITest.TestCases.Tc5_OverviewTest@6aeb35e6]" started-at="2025-12-27T08:45:42 IST" name="testWait" finished-at="2025-12-27T08:45:44 IST" duration-ms="2006" status="PASS">
          <reporter-output>
          </reporter-output>
        </test-method> <!-- testWait -->
        <test-method is-config="true" signature="tearDown()[pri:0, instance:com.SwagLabs.UITest.TestCases.Tc5_OverviewTest@6aeb35e6]" started-at="2025-12-27T08:45:44 IST" name="tearDown" finished-at="2025-12-27T08:45:45 IST" duration-ms="305" status="PASS">
          <reporter-output>
          </reporter-output>
        </test-method> <!-- tearDown -->
      </class> <!-- com.SwagLabs.UITest.TestCases.Tc5_OverviewTest -->
    </test> <!-- Test -->
  </suite> <!-- Suite -->
</testng-results>
