<?xml version="1.0" encoding="UTF-8"?>
<testng-results ignored="0" total="1" passed="1" failed="0" skipped="0">
  <reporter-output>
  </reporter-output>
  <suite started-at="2025-11-02T09:53:34 IST" name="Default suite" finished-at="2025-11-02T09:53:38 IST" duration-ms="3904">
    <groups>
    </groups>
    <test started-at="2025-11-02T09:53:34 IST" name="Default test" finished-at="2025-11-02T09:53:38 IST" duration-ms="3904">
      <class name="com.WebTesting.ElementAutomation.T48_DisableNotifications">
        <test-method signature="testAppWithoutNotification()[pri:0, instance:com.WebTesting.ElementAutomation.T48_DisableNotifications@5c6648b0]" started-at="2025-11-02T09:53:35 IST" name="testAppWithoutNotification" finished-at="2025-11-02T09:53:38 IST" duration-ms="3865" status="PASS">
          <reporter-output>
          </reporter-output>
        </test-method> <!-- testAppWithoutNotification -->
      </class> <!-- com.WebTesting.ElementAutomation.T48_DisableNotifications -->
    </test> <!-- Default test -->
  </suite> <!-- Default suite -->
</testng-results>
