<?xml version="1.0" encoding="UTF-8"?>
<testng-results ignored="0" total="1" passed="1" failed="0" skipped="0">
  <reporter-output>
  </reporter-output>
  <suite started-at="2025-10-18T10:05:24 IST" name="Default suite" finished-at="2025-10-18T10:05:38 IST" duration-ms="14159">
    <groups>
    </groups>
    <test started-at="2025-10-18T10:05:24 IST" name="Default test" finished-at="2025-10-18T10:05:38 IST" duration-ms="14159">
      <class name="com.WebTesting.ElementAutomation.T37_JavascriptExecutorInterface">
        <test-method signature="testJavascriptExecutorInterface()[pri:0, instance:com.WebTesting.ElementAutomation.T37_JavascriptExecutorInterface@31304f14]" started-at="2025-10-18T10:05:24 IST" name="testJavascriptExecutorInterface" finished-at="2025-10-18T10:05:38 IST" duration-ms="14116" status="PASS">
          <reporter-output>
          </reporter-output>
        </test-method> <!-- testJavascriptExecutorInterface -->
      </class> <!-- com.WebTesting.ElementAutomation.T37_JavascriptExecutorInterface -->
    </test> <!-- Default test -->
  </suite> <!-- Default suite -->
</testng-results>
