<?xml version="1.0" encoding="UTF-8"?>
<!-- Generated by org.testng.reporters.JUnitReportReporter -->
<testsuite hostname="Priyanka" failures="0" tests="2" name="com.WebTesting.TestNG.T76_AnnotationUseCase1_HRM" time="4.103" errors="0" timestamp="2025-11-23T08:09:40 IST" skipped="0">
  <testcase classname="com.WebTesting.TestNG.T76_AnnotationUseCase1_HRM" name="testLogin" time="1.844"/>
  <testcase classname="com.WebTesting.TestNG.T76_AnnotationUseCase1_HRM" name="testLogout" time="2.259"/>
</testsuite> <!-- com.WebTesting.TestNG.T76_AnnotationUseCase1_HRM -->
