<?xml version="1.0" encoding="UTF-8"?>
<!-- Generated by org.testng.reporters.JUnitReportReporter -->
<testsuite hostname="Priyanka" failures="0" tests="2" name="com.WebTesting.TestNG.TestDataReading.Tc82_ParallelTestClassLevel_Class2" time="6.037" errors="0" timestamp="2025-11-29T08:41:35 IST" skipped="0">
  <testcase classname="com.WebTesting.TestNG.TestDataReading.Tc82_ParallelTestClassLevel_Class2" name="testChrome" time="2.701"/>
  <testcase classname="com.WebTesting.TestNG.TestDataReading.Tc82_ParallelTestClassLevel_Class2" name="testEdge" time="3.336"/>
</testsuite> <!-- com.WebTesting.TestNG.TestDataReading.Tc82_ParallelTestClassLevel_Class2 -->
