<?xml version="1.0" encoding="UTF-8"?>
<!-- Generated by org.testng.reporters.JUnitReportReporter -->
<testsuite hostname="Priyanka" failures="0" tests="4" name="com.SwagLabs.UITest.TestCases.Tc3_CartTest" time="9.231" errors="0" timestamp="2026-01-04T08:02:18 IST" skipped="0">
  <testcase classname="com.SwagLabs.UITest.TestCases.Tc3_CartTest" name="verifyCartProductCount" time="2.211"/>
  <testcase classname="com.SwagLabs.UITest.TestCases.Tc3_CartTest" name="validateProductRemoveFeature" time="2.261"/>
  <testcase classname="com.SwagLabs.UITest.TestCases.Tc3_CartTest" name="validateContinueShopping" time="2.486"/>
  <testcase classname="com.SwagLabs.UITest.TestCases.Tc3_CartTest" name="validateCheckoutOption" time="2.273"/>
</testsuite> <!-- com.SwagLabs.UITest.TestCases.Tc3_CartTest -->
