<?xml version="1.0" encoding="UTF-8"?>
<!-- Generated by org.testng.reporters.JUnitReportReporter -->
<testsuite hostname="Priyanka" failures="0" tests="2" name="com.SwagLabs.UITest.TestCases.Tc5_OverviewTest" time="4.657" errors="0" timestamp="2026-01-04T08:02:18 IST" skipped="0">
  <testcase classname="com.SwagLabs.UITest.TestCases.Tc5_OverviewTest" name="verifyPayment" time="2.275"/>
  <testcase classname="com.SwagLabs.UITest.TestCases.Tc5_OverviewTest" name="validateCheckout" time="2.382"/>
</testsuite> <!-- com.SwagLabs.UITest.TestCases.Tc5_OverviewTest -->
