<?xml version="1.0" encoding="UTF-8"?>
<!-- Generated by org.testng.reporters.JUnitReportReporter -->
<testsuite hostname="Priyanka" failures="0" tests="4" name="com.SwagLabs.UITest.TestCases.Tc2_InventoryTest" time="0.475" errors="0" timestamp="2025-12-06T09:48:42 IST" skipped="0">
  <testcase classname="com.SwagLabs.UITest.TestCases.Tc2_InventoryTest" name="validateProductCount" time="0.031"/>
  <testcase classname="com.SwagLabs.UITest.TestCases.Tc2_InventoryTest" name="validateProductDetails" time="0.096"/>
  <testcase classname="com.SwagLabs.UITest.TestCases.Tc2_InventoryTest" name="validateAddToCartFeature" time="0.259"/>
  <testcase classname="com.SwagLabs.UITest.TestCases.Tc2_InventoryTest" name="validateCartPageLaunch" time="0.089"/>
</testsuite> <!-- com.SwagLabs.UITest.TestCases.Tc2_InventoryTest -->
