<?xml version="1.0" encoding="UTF-8"?>
<!-- Generated by org.testng.reporters.JUnitReportReporter -->
<testsuite hostname="Priyanka" failures="0" tests="3" name="com.WebTesting.TestNG.POMUsingPageFactoryClass.LoginTest" time="0.765" errors="0" timestamp="2025-11-23T09:41:21 IST" skipped="0">
  <testcase classname="com.WebTesting.TestNG.POMUsingPageFactoryClass.LoginTest" name="verifyUrl" time="0.016"/>
  <testcase classname="com.WebTesting.TestNG.POMUsingPageFactoryClass.LoginTest" name="verifyTitle" time="0.011"/>
  <testcase classname="com.WebTesting.TestNG.POMUsingPageFactoryClass.LoginTest" name="verifyLogin" time="0.738"/>
</testsuite> <!-- com.WebTesting.TestNG.POMUsingPageFactoryClass.LoginTest -->
