<?xml version="1.0" encoding="UTF-8"?>
<!-- Generated by org.testng.reporters.JUnitReportReporter -->
<testsuite hostname="Priyanka" failures="0" tests="1" name="com.WebTesting.TestNG.TestDataReading.Tc85_DataReadingFromExcelFile" time="0.634" errors="0" timestamp="2025-11-29T09:51:21 IST" skipped="0">
  <testcase classname="com.WebTesting.TestNG.TestDataReading.Tc85_DataReadingFromExcelFile" name="readDataFromExcel" time="0.634"/>
</testsuite> <!-- com.WebTesting.TestNG.TestDataReading.Tc85_DataReadingFromExcelFile -->
