<?xml version="1.0" encoding="UTF-8"?>
<!-- Generated by org.testng.reporters.JUnitReportReporter -->
<testsuite hostname="Priyanka" failures="0" tests="3" name="com.WebTesting.TestNG.POMUsingByLocator.CRMLoginTest" time="1.002" errors="0" timestamp="2025-11-23T09:17:45 IST" skipped="0">
  <testcase classname="com.WebTesting.TestNG.POMUsingByLocator.CRMLoginTest" name="testAppUrl" time="0.016"/>
  <testcase classname="com.WebTesting.TestNG.POMUsingByLocator.CRMLoginTest" name="testAppLogin" time="0.974"/>
  <testcase classname="com.WebTesting.TestNG.POMUsingByLocator.CRMLoginTest" name="testAppTitle" time="0.012"/>
</testsuite> <!-- com.WebTesting.TestNG.POMUsingByLocator.CRMLoginTest -->
