<?xml version="1.0" encoding="UTF-8"?>
<!-- Generated by org.testng.reporters.JUnitReportReporter -->
<testsuite hostname="Priyanka" failures="0" tests="9" name="com.WebTesting.TestNG.Annotations.A" time="0.017" errors="0" timestamp="2025-11-23T08:29:09 IST" skipped="0">
  <testcase classname="com.WebTesting.TestNG.Annotations.A" name="testCase1" time="0.000"/>
  <testcase classname="com.WebTesting.TestNG.Annotations.A" name="testCase2" time="0.002"/>
  <testcase classname="com.WebTesting.TestNG.Annotations.A" name="testCase3" time="0.001"/>
  <testcase classname="com.WebTesting.TestNG.Annotations.A" name="testCase3" time="0.000"/>
  <testcase classname="com.WebTesting.TestNG.Annotations.A" name="testCase2" time="0.002"/>
  <testcase classname="com.WebTesting.TestNG.Annotations.A" name="testCase1" time="0.007"/>
  <testcase classname="com.WebTesting.TestNG.Annotations.A" name="testCase3" time="0.002"/>
  <testcase classname="com.WebTesting.TestNG.Annotations.A" name="testCase1" time="0.002"/>
  <testcase classname="com.WebTesting.TestNG.Annotations.A" name="testCase2" time="0.001"/>
</testsuite> <!-- com.WebTesting.TestNG.Annotations.A -->
