<?xml version="1.0" encoding="UTF-8"?>
<!-- Generated by org.testng.reporters.JUnitReportReporter -->
<testsuite hostname="Priyanka" failures="0" tests="1" name="com.WebTesting.TetsNG.DataDrivenTest.Tc88_ReadingExcelTableData" time="0.559" errors="0" timestamp="2025-11-30T08:32:58 IST" skipped="0">
  <testcase classname="com.WebTesting.TetsNG.DataDrivenTest.Tc88_ReadingExcelTableData" name="readFile" time="0.559"/>
</testsuite> <!-- com.WebTesting.TetsNG.DataDrivenTest.Tc88_ReadingExcelTableData -->
