<?xml version="1.0" encoding="UTF-8"?>
<!-- Generated by org.testng.reporters.JUnitReportReporter -->
<testsuite hostname="Priyanka" failures="0" tests="1" name="com.WebTesting.TestNG.TestDataReading.Tc81_ParallelTestClassLevel_Class1" time="7.341" errors="0" timestamp="2025-11-29T08:41:35 IST" skipped="0">
  <testcase classname="com.WebTesting.TestNG.TestDataReading.Tc81_ParallelTestClassLevel_Class1" name="testFirefox" time="7.341"/>
</testsuite> <!-- com.WebTesting.TestNG.TestDataReading.Tc81_ParallelTestClassLevel_Class1 -->
