<?xml version="1.0" encoding="UTF-8"?>
<!-- Generated by org.testng.reporters.JUnitReportReporter -->
<testsuite hostname="Priyanka" failures="0" tests="1" name="com.WebTesting.ElementAutomation.T41_PaginationWebTableAutomation" time="7.289" errors="0" timestamp="2025-11-02T08:22:24 IST" skipped="0">
  <testcase classname="com.WebTesting.ElementAutomation.T41_PaginationWebTableAutomation" name="testWebTable" time="7.289"/>
</testsuite> <!-- com.WebTesting.ElementAutomation.T41_PaginationWebTableAutomation -->
