<?xml version="1.0" encoding="UTF-8"?>
<!-- Generated by org.testng.reporters.JUnitReportReporter -->
<testsuite hostname="Priyanka" failures="0" tests="1" name="com.WebTesting.TetsNG.DataDrivenTest.Tc89_ReadExcelDataUsingUtility" time="0.654" errors="0" timestamp="2025-11-30T08:56:13 IST" skipped="0">
  <testcase classname="com.WebTesting.TetsNG.DataDrivenTest.Tc89_ReadExcelDataUsingUtility" name="testData" time="0.654"/>
</testsuite> <!-- com.WebTesting.TetsNG.DataDrivenTest.Tc89_ReadExcelDataUsingUtility -->
