<?xml version="1.0" encoding="UTF-8"?>
<!-- Generated by org.testng.reporters.JUnitReportReporter -->
<testsuite hostname="Priyanka" failures="0" tests="1" name="com.WebTesting.TetsNG.DataDrivenTest.Tc91_FullPageScreenshot" time="8.419" errors="0" timestamp="2025-11-30T09:19:18 IST" skipped="0">
  <testcase classname="com.WebTesting.TetsNG.DataDrivenTest.Tc91_FullPageScreenshot" name="testFullPage" time="8.419"/>
</testsuite> <!-- com.WebTesting.TetsNG.DataDrivenTest.Tc91_FullPageScreenshot -->
