<?xml version="1.0" encoding="UTF-8"?>
<!-- Generated by org.testng.reporters.JUnitReportReporter -->
<testsuite hostname="Priyanka" failures="0" tests="3" name="com.SwagLabs.UITest.TestCases.Tc4_CheckoutTest" time="6.838" errors="0" timestamp="2025-12-27T09:45:43 IST" skipped="0">
  <testcase classname="com.SwagLabs.UITest.TestCases.Tc4_CheckoutTest" name="validateCheckoutWithoutData" time="2.358"/>
  <testcase classname="com.SwagLabs.UITest.TestCases.Tc4_CheckoutTest" name="validateCancelProcess" time="2.173"/>
  <testcase classname="com.SwagLabs.UITest.TestCases.Tc4_CheckoutTest" name="validateCheckoutWithData" time="2.307"/>
</testsuite> <!-- com.SwagLabs.UITest.TestCases.Tc4_CheckoutTest -->
