<?xml version="1.0" encoding="UTF-8"?>
<!-- Generated by org.testng.reporters.JUnitReportReporter -->
<testsuite hostname="Priyanka" failures="0" tests="2" name="com.WebTesting.TestNG.T73_GroupsInTestNG" time="0.010" errors="0" timestamp="2025-11-16T09:18:49 IST" skipped="0">
  <testcase classname="com.WebTesting.TestNG.T73_GroupsInTestNG" name="testCase1" time="0.008"/>
  <testcase classname="com.WebTesting.TestNG.T73_GroupsInTestNG" name="testCase2" time="0.002"/>
</testsuite> <!-- com.WebTesting.TestNG.T73_GroupsInTestNG -->
