<?xml version="1.0" encoding="UTF-8"?>
<!-- Generated by org.testng.reporters.JUnitReportReporter -->
<testsuite hostname="Priyanka" failures="0" tests="1" name="com.WebTesting.ElementAutomation.T46_StartMaximizeCapbility" time="5.355" errors="0" timestamp="2025-11-02T09:46:32 IST" skipped="0">
  <testcase classname="com.WebTesting.ElementAutomation.T46_StartMaximizeCapbility" name="testMaximizedApp" time="5.355"/>
</testsuite> <!-- com.WebTesting.ElementAutomation.T46_StartMaximizeCapbility -->
