<?xml version="1.0" encoding="UTF-8"?>
<!-- Generated by org.testng.reporters.JUnitReportReporter -->
<testsuite hostname="Priyanka" failures="0" tests="1" name="com.WebTesting.ElementAutomation.T42_RedBusCalendarAutomation" time="4.557" errors="0" timestamp="2025-11-02T08:49:46 IST" skipped="0">
  <testcase classname="com.WebTesting.ElementAutomation.T42_RedBusCalendarAutomation" name="testCalendar" time="4.557"/>
</testsuite> <!-- com.WebTesting.ElementAutomation.T42_RedBusCalendarAutomation -->
