<?xml version="1.0" encoding="UTF-8"?>
<!-- Generated by org.testng.reporters.JUnitReportReporter -->
<testsuite hostname="Priyanka" failures="0" tests="1" name="com.WebTesting.ElementAutomation.T47_IncognitoModeExecution" time="3.119" errors="0" timestamp="2025-11-02T09:50:43 IST" skipped="0">
  <testcase classname="com.WebTesting.ElementAutomation.T47_IncognitoModeExecution" name="testAppInIncognitoBrowser" time="3.119"/>
</testsuite> <!-- com.WebTesting.ElementAutomation.T47_IncognitoModeExecution -->
