<?xml version="1.0" encoding="UTF-8"?>
<!-- Generated by org.testng.reporters.JUnitReportReporter -->
<testsuite hostname="Priyanka" failures="0" tests="2" name="com.WebTesting.TestNG.T74_Grouping" time="0.005" errors="0" timestamp="2025-11-16T09:18:49 IST" skipped="0">
  <testcase classname="com.WebTesting.TestNG.T74_Grouping" name="testCase22" time="0.002"/>
  <testcase classname="com.WebTesting.TestNG.T74_Grouping" name="testCase11" time="0.003"/>
</testsuite> <!-- com.WebTesting.TestNG.T74_Grouping -->
