<?xml version="1.0" encoding="UTF-8"?>
<!-- Generated by org.testng.reporters.JUnitReportReporter -->
<testsuite hostname="Priyanka" failures="0" tests="3" name="com.WebTesting.TestNG.T67_PriorityArgument" time="0.016" errors="0" timestamp="2025-11-16T08:52:44 IST" skipped="0">
  <testcase classname="com.WebTesting.TestNG.T67_PriorityArgument" name="userRegister" time="0.010"/>
  <testcase classname="com.WebTesting.TestNG.T67_PriorityArgument" name="userLogin" time="0.002"/>
  <testcase classname="com.WebTesting.TestNG.T67_PriorityArgument" name="userLogout" time="0.004"/>
</testsuite> <!-- com.WebTesting.TestNG.T67_PriorityArgument -->
