<?xml version="1.0" encoding="UTF-8"?>
<!-- Generated by org.testng.reporters.JUnitReportReporter -->
<testsuite hostname="Priyanka" failures="0" tests="1" name="com.WebTesting.TestNG.TestDataReading.Tc77_DataReadingFromXmlDemo1" time="0.007" errors="0" timestamp="2025-11-29T07:58:19 IST" skipped="0">
  <testcase classname="com.WebTesting.TestNG.TestDataReading.Tc77_DataReadingFromXmlDemo1" name="readData" time="0.007"/>
</testsuite> <!-- com.WebTesting.TestNG.TestDataReading.Tc77_DataReadingFromXmlDemo1 -->
