<?xml version="1.0" encoding="UTF-8"?>
<!-- Generated by org.testng.reporters.JUnitReportReporter -->
<testsuite hostname="Priyanka" failures="0" tests="1" name="com.WebTesting.TestNG.TestDataReading.Tc83_DataReadingFromPropertiesfileDemo1" time="0.010" errors="0" timestamp="2025-11-29T09:03:35 IST" skipped="0">
  <testcase classname="com.WebTesting.TestNG.TestDataReading.Tc83_DataReadingFromPropertiesfileDemo1" name="readDataFromFile" time="0.010"/>
</testsuite> <!-- com.WebTesting.TestNG.TestDataReading.Tc83_DataReadingFromPropertiesfileDemo1 -->
