<?xml version="1.0" encoding="UTF-8"?>
<!-- Generated by org.testng.reporters.JUnitReportReporter -->
<testsuite hostname="Priyanka" failures="0" tests="6" name="com.WebTesting.TestNG.Annotations.B" time="0.011" errors="0" timestamp="2025-11-23T08:29:09 IST" skipped="0">
  <testcase classname="com.WebTesting.TestNG.Annotations.B" name="testCase11" time="0.002"/>
  <testcase classname="com.WebTesting.TestNG.Annotations.B" name="testCase11" time="0.004"/>
  <testcase classname="com.WebTesting.TestNG.Annotations.B" name="testCase12" time="0.001"/>
  <testcase classname="com.WebTesting.TestNG.Annotations.B" name="testCase12" time="0.001"/>
  <testcase classname="com.WebTesting.TestNG.Annotations.B" name="testCase11" time="0.001"/>
  <testcase classname="com.WebTesting.TestNG.Annotations.B" name="testCase12" time="0.002"/>
</testsuite> <!-- com.WebTesting.TestNG.Annotations.B -->
