<?xml version="1.0" encoding="UTF-8"?>
<!-- Generated by org.testng.reporters.JUnitReportReporter -->
<testsuite hostname="Priyanka" failures="0" tests="1" name="com.WebTesting.ElementAutomation.T44_GetAllCapabilitiesForBrowser" time="25.995" errors="0" timestamp="2025-11-02T09:29:28 IST" skipped="0">
  <testcase classname="com.WebTesting.ElementAutomation.T44_GetAllCapabilitiesForBrowser" name="testCapabilities" time="25.995"/>
</testsuite> <!-- com.WebTesting.ElementAutomation.T44_GetAllCapabilitiesForBrowser -->
