<?xml version="1.0" encoding="UTF-8"?>
<!-- Generated by org.testng.reporters.JUnitReportReporter -->
<testsuite hostname="Priyanka" failures="0" tests="1" name="com.WebTesting.ElementAutomation.T50_FileUploadUsingSendKeys" time="5.706" errors="0" timestamp="2025-11-08T08:07:37 IST" skipped="0">
  <testcase classname="com.WebTesting.ElementAutomation.T50_FileUploadUsingSendKeys" name="testFileUpload" time="5.706"/>
</testsuite> <!-- com.WebTesting.ElementAutomation.T50_FileUploadUsingSendKeys -->
