<?xml version="1.0" encoding="UTF-8"?>
<!-- Generated by org.testng.reporters.JUnitReportReporter -->
<testsuite hostname="Priyanka" failures="0" tests="1" name="com.WebTesting.ElementAutomation.T48_DisableNotifications" time="3.865" errors="0" timestamp="2025-11-02T09:53:39 IST" skipped="0">
  <testcase classname="com.WebTesting.ElementAutomation.T48_DisableNotifications" name="testAppWithoutNotification" time="3.865"/>
</testsuite> <!-- com.WebTesting.ElementAutomation.T48_DisableNotifications -->
