<?xml version="1.0" encoding="UTF-8"?>
<!-- Generated by org.testng.reporters.JUnitReportReporter -->
<testsuite hostname="Priyanka" failures="0" tests="2" name="com.WebTesting.TestNG.T72_DisableTest" time="0.008" errors="0" timestamp="2025-11-16T09:04:33 IST" skipped="1">
  <testcase classname="com.WebTesting.TestNG.T72_DisableTest" name="testForSearch" time="0.008"/>
  <testcase classname="com.WebTesting.TestNG.T72_DisableTest" name="testForPurches">
    <skipped/>
  </testcase> <!-- testForPurches -->
</testsuite> <!-- com.WebTesting.TestNG.T72_DisableTest -->
