<?xml version="1.0" encoding="UTF-8"?>
<!-- Generated by org.testng.reporters.JUnitReportReporter -->
<testsuite hostname="Priyanka" failures="0" tests="3" name="com.WebTesting.TestNG.TestDataReading.Tc80_ParalletTestMethodLevel" time="14.783" errors="0" timestamp="2025-11-29T08:29:08 IST" skipped="0">
  <testcase classname="com.WebTesting.TestNG.TestDataReading.Tc80_ParalletTestMethodLevel" name="testChrome" time="3.114"/>
  <testcase classname="com.WebTesting.TestNG.TestDataReading.Tc80_ParalletTestMethodLevel" name="testFirefox" time="7.702"/>
  <testcase classname="com.WebTesting.TestNG.TestDataReading.Tc80_ParalletTestMethodLevel" name="testEdge" time="3.967"/>
</testsuite> <!-- com.WebTesting.TestNG.TestDataReading.Tc80_ParalletTestMethodLevel -->
