<?xml version="1.0" encoding="UTF-8"?>
<!-- Generated by org.testng.reporters.JUnitReportReporter -->
<testsuite hostname="Priyanka" failures="0" tests="3" name="com.SwagLabs.UITest.TestCases.Tc4_CheckoutTest" time="7.359" errors="0" timestamp="2026-01-04T08:02:18 IST" skipped="0">
  <testcase classname="com.SwagLabs.UITest.TestCases.Tc4_CheckoutTest" name="validateCheckoutWithoutData" time="2.525"/>
  <testcase classname="com.SwagLabs.UITest.TestCases.Tc4_CheckoutTest" name="validateCancelProcess" time="2.321"/>
  <testcase classname="com.SwagLabs.UITest.TestCases.Tc4_CheckoutTest" name="validateCheckoutWithData" time="2.513"/>
</testsuite> <!-- com.SwagLabs.UITest.TestCases.Tc4_CheckoutTest -->
