<?xml version="1.0" encoding="UTF-8"?>
<!-- Generated by org.testng.reporters.JUnitReportReporter -->
<testsuite hostname="Priyanka" failures="0" tests="3" name="com.SwagLabs.UITest.TestCases.Tc1_LoginTest" time="6.432" errors="0" timestamp="2025-12-27T09:45:43 IST" skipped="0">
  <testcase classname="com.SwagLabs.UITest.TestCases.Tc1_LoginTest" name="verifyUrl" time="2.024"/>
  <testcase classname="com.SwagLabs.UITest.TestCases.Tc1_LoginTest" name="verifyTitle" time="2.018"/>
  <testcase classname="com.SwagLabs.UITest.TestCases.Tc1_LoginTest" name="validateLogin" time="2.390"/>
</testsuite> <!-- com.SwagLabs.UITest.TestCases.Tc1_LoginTest -->
