<?xml version="1.0" encoding="UTF-8"?>
<!-- Generated by org.testng.reporters.JUnitReportReporter -->
<testsuite hostname="Priyanka" failures="0" tests="1" name="com.WebTesting.TestNG.TestDataReading.Tc84_DataReadingFromPropertiesfileDemo2" time="2.644" errors="0" timestamp="2025-11-29T09:19:26 IST" skipped="0">
  <testcase classname="com.WebTesting.TestNG.TestDataReading.Tc84_DataReadingFromPropertiesfileDemo2" name="testGooglewithPropertiesFile" time="2.644"/>
</testsuite> <!-- com.WebTesting.TestNG.TestDataReading.Tc84_DataReadingFromPropertiesfileDemo2 -->
