<?xml version="1.0" encoding="UTF-8"?>
<!-- Generated by org.testng.reporters.JUnitReportReporter -->
<testsuite hostname="Priyanka" failures="0" tests="4" name="com.SwagLabs.UITest.TestCases.Tc3_CartTest" time="8.497" errors="0" timestamp="2025-12-27T09:45:43 IST" skipped="0">
  <testcase classname="com.SwagLabs.UITest.TestCases.Tc3_CartTest" name="verifyCartProductCount" time="2.036"/>
  <testcase classname="com.SwagLabs.UITest.TestCases.Tc3_CartTest" name="validateProductRemoveFeature" time="2.076"/>
  <testcase classname="com.SwagLabs.UITest.TestCases.Tc3_CartTest" name="validateContinueShopping" time="2.312"/>
  <testcase classname="com.SwagLabs.UITest.TestCases.Tc3_CartTest" name="validateCheckoutOption" time="2.073"/>
</testsuite> <!-- com.SwagLabs.UITest.TestCases.Tc3_CartTest -->
