<?xml version="1.0" encoding="UTF-8"?>
<!-- Generated by org.testng.reporters.JUnitReportReporter -->
<testsuite hostname="Priyanka" failures="0" tests="6" name="com.WebTesting.TestNG.T68_InvocationCount" time="0.016" errors="0" timestamp="2025-11-15T09:54:41 IST" skipped="0">
  <testcase classname="com.WebTesting.TestNG.T68_InvocationCount" name="userRegister" time="0.011"/>
  <testcase classname="com.WebTesting.TestNG.T68_InvocationCount" name="userLogin" time="0.001"/>
  <testcase classname="com.WebTesting.TestNG.T68_InvocationCount" name="userSearch" time="0.002"/>
  <testcase classname="com.WebTesting.TestNG.T68_InvocationCount" name="userSearch" time="0.001"/>
  <testcase classname="com.WebTesting.TestNG.T68_InvocationCount" name="userSearch" time="0.001"/>
  <testcase classname="com.WebTesting.TestNG.T68_InvocationCount" name="userLogout" time="0.000"/>
</testsuite> <!-- com.WebTesting.TestNG.T68_InvocationCount -->
