<?xml version="1.0" encoding="UTF-8"?>
<!-- Generated by org.testng.reporters.JUnitReportReporter -->
<testsuite hostname="Priyanka" failures="0" tests="4" name="com.WebTesting.TetsNG.DataDrivenTest.Tc_86_DataDrivenTestUsingArray" time="0.017" errors="0" timestamp="2025-11-30T07:56:29 IST" skipped="0">
  <testcase classname="com.WebTesting.TetsNG.DataDrivenTest.Tc_86_DataDrivenTestUsingArray" name="testLogin" time="0.002"/>
  <testcase classname="com.WebTesting.TetsNG.DataDrivenTest.Tc_86_DataDrivenTestUsingArray" name="testLogin" time="0.003"/>
  <testcase classname="com.WebTesting.TetsNG.DataDrivenTest.Tc_86_DataDrivenTestUsingArray" name="testLogin" time="0.010"/>
  <testcase classname="com.WebTesting.TetsNG.DataDrivenTest.Tc_86_DataDrivenTestUsingArray" name="testLogin" time="0.002"/>
</testsuite> <!-- com.WebTesting.TetsNG.DataDrivenTest.Tc_86_DataDrivenTestUsingArray -->
