<?xml version="1.0" encoding="UTF-8"?>
<!-- Generated by org.testng.reporters.JUnitReportReporter -->
<testsuite hostname="Priyanka" failures="0" tests="3" name="com.WebTesting.TestNG.T67_PriorityArgument" time="0.013" errors="0" timestamp="2025-11-15T09:47:37 IST" skipped="0">
  <testcase classname="com.WebTesting.TestNG.T67_PriorityArgument" name="userRegister" time="0.011"/>
  <testcase classname="com.WebTesting.TestNG.T67_PriorityArgument" name="userLogin" time="0.001"/>
  <testcase classname="com.WebTesting.TestNG.T67_PriorityArgument" name="userLogout" time="0.001"/>
</testsuite> <!-- com.WebTesting.TestNG.T67_PriorityArgument -->
