<?xml version="1.0" encoding="UTF-8"?>
<!-- Generated by org.testng.reporters.JUnitReportReporter -->
<testsuite hostname="Priyanka" failures="0" tests="1" name="com.WebTesting.SpecialScenarios.T65_AutomateShadowDomElement" time="8.455" errors="0" timestamp="2025-11-15T08:31:34 IST" skipped="0">
  <testcase classname="com.WebTesting.SpecialScenarios.T65_AutomateShadowDomElement" name="testShadowDomEle" time="8.455"/>
</testsuite> <!-- com.WebTesting.SpecialScenarios.T65_AutomateShadowDomElement -->
