<?xml version="1.0" encoding="UTF-8"?>
<!-- Generated by org.testng.reporters.JUnitReportReporter -->
<testsuite hostname="Priyanka" failures="0" tests="3" name="com.WebTesting.TestNG.T75_AnnotationBasics" time="0.010" errors="0" timestamp="2025-11-16T09:34:08 IST" skipped="0">
  <testcase classname="com.WebTesting.TestNG.T75_AnnotationBasics" name="registerTest" time="0.007"/>
  <testcase classname="com.WebTesting.TestNG.T75_AnnotationBasics" name="loginTest" time="0.001"/>
  <testcase classname="com.WebTesting.TestNG.T75_AnnotationBasics" name="logoutTest" time="0.002"/>
</testsuite> <!-- com.WebTesting.TestNG.T75_AnnotationBasics -->
