<?xml version="1.0" encoding="UTF-8"?>
<!-- Generated by org.testng.reporters.JUnitReportReporter -->
<testsuite hostname="Priyanka" failures="0" tests="3" name="com.WebTesting.TestNG.TestDataReading.Tc79_CrossBroswerTest" time="14.270" errors="0" timestamp="2025-11-29T08:48:15 IST" skipped="0">
  <testcase classname="com.WebTesting.TestNG.TestDataReading.Tc79_CrossBroswerTest" name="testGoogle" time="7.671"/>
  <testcase classname="com.WebTesting.TestNG.TestDataReading.Tc79_CrossBroswerTest" name="testGoogle" time="3.080"/>
  <testcase classname="com.WebTesting.TestNG.TestDataReading.Tc79_CrossBroswerTest" name="testGoogle" time="3.519"/>
</testsuite> <!-- com.WebTesting.TestNG.TestDataReading.Tc79_CrossBroswerTest -->
