<?xml version="1.0" encoding="UTF-8"?>
<!-- Generated by org.testng.reporters.JUnitReportReporter -->
<testsuite hostname="Priyanka" failures="0" tests="1" name="com.WebTesting.ElementAutomation.T43_GoibiboCalendarAutomation" time="5.261" errors="0" timestamp="2025-11-02T09:15:17 IST" skipped="0">
  <testcase classname="com.WebTesting.ElementAutomation.T43_GoibiboCalendarAutomation" name="testCalendar" time="5.261"/>
</testsuite> <!-- com.WebTesting.ElementAutomation.T43_GoibiboCalendarAutomation -->
