<?xml version="1.0" encoding="UTF-8"?>
<!-- Generated by org.testng.reporters.JUnitReportReporter -->
<testsuite hostname="Priyanka" failures="0" tests="1" name="com.WebTesting.TestNG.TestDataReading.Tc78_DataReadingFromXmlDemo2" time="3.645" errors="0" timestamp="2025-11-29T08:08:12 IST" skipped="0">
  <testcase classname="com.WebTesting.TestNG.TestDataReading.Tc78_DataReadingFromXmlDemo2" name="testHrmLogin" time="3.645"/>
</testsuite> <!-- com.WebTesting.TestNG.TestDataReading.Tc78_DataReadingFromXmlDemo2 -->
