<?xml version="1.0" encoding="UTF-8"?>
<!-- Generated by org.testng.reporters.JUnitReportReporter -->
<testsuite hostname="Priyanka" failures="0" tests="4" name="com.SwagLabs.UITest.TestCases.Tc3_CartTest" time="8.696" errors="0" timestamp="2025-12-21T09:24:13 IST" skipped="0">
  <testcase classname="com.SwagLabs.UITest.TestCases.Tc3_CartTest" name="verifyCartProductCount" time="2.034"/>
  <testcase classname="com.SwagLabs.UITest.TestCases.Tc3_CartTest" name="validateProductRemoveFeature" time="2.130"/>
  <testcase classname="com.SwagLabs.UITest.TestCases.Tc3_CartTest" name="validateContinueShopping" time="2.405"/>
  <testcase classname="com.SwagLabs.UITest.TestCases.Tc3_CartTest" name="validateCheckoutOption" time="2.127"/>
</testsuite> <!-- com.SwagLabs.UITest.TestCases.Tc3_CartTest -->
