<?xml version="1.0" encoding="UTF-8"?>
<!-- Generated by org.testng.reporters.JUnitReportReporter -->
<testsuite hostname="Priyanka" failures="0" tests="3" name="com.SwagLabs.UITest.TestCases.Tc4_CheckoutTest" time="7.082" errors="0" timestamp="2025-12-21T09:24:13 IST" skipped="0">
  <testcase classname="com.SwagLabs.UITest.TestCases.Tc4_CheckoutTest" name="validateCheckoutWithoutData" time="2.434"/>
  <testcase classname="com.SwagLabs.UITest.TestCases.Tc4_CheckoutTest" name="validateCancelProcess" time="2.222"/>
  <testcase classname="com.SwagLabs.UITest.TestCases.Tc4_CheckoutTest" name="validateCheckoutWithData" time="2.426"/>
</testsuite> <!-- com.SwagLabs.UITest.TestCases.Tc4_CheckoutTest -->
