<?xml version="1.0" encoding="UTF-8"?>
<!-- Generated by org.testng.reporters.JUnitReportReporter -->
<testsuite hostname="Priyanka" failures="0" tests="2" name="com.SwagLabs.UITest.TestCases.Tc5_OverviewTest" time="4.307" errors="0" timestamp="2025-12-27T07:47:28 IST" skipped="0">
  <testcase classname="com.SwagLabs.UITest.TestCases.Tc5_OverviewTest" name="verifyPayment" time="2.169"/>
  <testcase classname="com.SwagLabs.UITest.TestCases.Tc5_OverviewTest" name="validateCheckout" time="2.138"/>
</testsuite> <!-- com.SwagLabs.UITest.TestCases.Tc5_OverviewTest -->
