<?xml version="1.0" encoding="UTF-8"?>
<!-- Generated by org.testng.reporters.JUnitReportReporter -->
<testsuite hostname="Priyanka" failures="0" tests="3" name="com.SwagLabs.UITest.TestCases.Tc1_LoginTest" time="6.536" errors="0" timestamp="2025-12-21T09:24:13 IST" skipped="0">
  <testcase classname="com.SwagLabs.UITest.TestCases.Tc1_LoginTest" name="verifyUrl" time="2.019"/>
  <testcase classname="com.SwagLabs.UITest.TestCases.Tc1_LoginTest" name="verifyTitle" time="2.030"/>
  <testcase classname="com.SwagLabs.UITest.TestCases.Tc1_LoginTest" name="validateLogin" time="2.487"/>
</testsuite> <!-- com.SwagLabs.UITest.TestCases.Tc1_LoginTest -->
